2023-09-14 16:06:53,149:WARNING:
'cuml' is a soft dependency and not included in the pycaret installation. Please run: `pip install cuml` to install.
2023-09-14 16:06:53,149:WARNING:
'cuml' is a soft dependency and not included in the pycaret installation. Please run: `pip install cuml` to install.
2023-09-14 16:06:53,150:WARNING:
'cuml' is a soft dependency and not included in the pycaret installation. Please run: `pip install cuml` to install.
2023-09-14 16:06:53,150:WARNING:
'cuml' is a soft dependency and not included in the pycaret installation. Please run: `pip install cuml` to install.
2023-09-14 16:06:53,571:INFO:PyCaret RegressionExperiment
2023-09-14 16:06:53,572:INFO:Logging name: reg-default-name
2023-09-14 16:06:53,572:INFO:ML Usecase: MLUsecase.REGRESSION
2023-09-14 16:06:53,572:INFO:version 3.1.0
2023-09-14 16:06:53,572:INFO:Initializing setup()
2023-09-14 16:06:53,572:INFO:self.USI: 933b
2023-09-14 16:06:53,572:INFO:self._variable_keys: {'logging_param', 'memory', 'pipeline', 'y_train', 'fold_groups_param', 'X', 'idx', 'data', 'n_jobs_param', 'gpu_param', 'fold_generator', 'exp_name_log', 'y', 'log_plots_param', '_available_plots', 'exp_id', 'USI', 'target_param', 'X_train', 'seed', 'X_test', 'transform_target_param', 'y_test', '_ml_usecase', 'html_param', 'gpu_n_jobs_param', 'fold_shuffle_param'}
2023-09-14 16:06:53,572:INFO:Checking environment
2023-09-14 16:06:53,572:INFO:python_version: 3.10.12
2023-09-14 16:06:53,572:INFO:python_build: ('main', 'Jun 11 2023 05:26:28')
2023-09-14 16:06:53,572:INFO:machine: x86_64
2023-09-14 16:06:53,572:INFO:platform: Linux-5.15.109+-x86_64-with-glibc2.35
2023-09-14 16:06:53,573:INFO:Memory: svmem(total=13613314048, available=11378565120, percent=16.4, used=1894588416, free=655953920, active=1137135616, inactive=11226443776, buffers=124219392, cached=10938552320, shared=6848512, slab=496324608)
2023-09-14 16:06:53,573:INFO:Physical Core: 1
2023-09-14 16:06:53,574:INFO:Logical Core: 2
2023-09-14 16:06:53,574:INFO:Checking libraries
2023-09-14 16:06:53,574:INFO:System:
2023-09-14 16:06:53,574:INFO:    python: 3.10.12 (main, Jun 11 2023, 05:26:28) [GCC 11.4.0]
2023-09-14 16:06:53,574:INFO:executable: /usr/bin/python3
2023-09-14 16:06:53,574:INFO:   machine: Linux-5.15.109+-x86_64-with-glibc2.35
2023-09-14 16:06:53,574:INFO:PyCaret required dependencies:
2023-09-14 16:06:54,012:INFO:                 pip: 23.1.2
2023-09-14 16:06:54,012:INFO:          setuptools: 67.7.2
2023-09-14 16:06:54,012:INFO:             pycaret: 3.1.0
2023-09-14 16:06:54,012:INFO:             IPython: 7.34.0
2023-09-14 16:06:54,012:INFO:          ipywidgets: 7.7.1
2023-09-14 16:06:54,013:INFO:                tqdm: 4.66.1
2023-09-14 16:06:54,013:INFO:               numpy: 1.23.5
2023-09-14 16:06:54,013:INFO:              pandas: 1.5.3
2023-09-14 16:06:54,013:INFO:              jinja2: 3.1.2
2023-09-14 16:06:54,013:INFO:               scipy: 1.10.1
2023-09-14 16:06:54,013:INFO:              joblib: 1.3.2
2023-09-14 16:06:54,013:INFO:             sklearn: 1.2.2
2023-09-14 16:06:54,013:INFO:                pyod: 1.1.0
2023-09-14 16:06:54,013:INFO:            imblearn: 0.10.1
2023-09-14 16:06:54,013:INFO:   category_encoders: 2.6.2
2023-09-14 16:06:54,013:INFO:            lightgbm: 4.0.0
2023-09-14 16:06:54,013:INFO:               numba: 0.56.4
2023-09-14 16:06:54,013:INFO:            requests: 2.31.0
2023-09-14 16:06:54,013:INFO:          matplotlib: 3.7.1
2023-09-14 16:06:54,013:INFO:          scikitplot: 0.3.7
2023-09-14 16:06:54,013:INFO:         yellowbrick: 1.5
2023-09-14 16:06:54,013:INFO:              plotly: 5.15.0
2023-09-14 16:06:54,013:INFO:    plotly-resampler: Not installed
2023-09-14 16:06:54,013:INFO:             kaleido: 0.2.1
2023-09-14 16:06:54,013:INFO:           schemdraw: 0.15
2023-09-14 16:06:54,013:INFO:         statsmodels: 0.14.0
2023-09-14 16:06:54,013:INFO:              sktime: 0.21.1
2023-09-14 16:06:54,013:INFO:               tbats: 1.1.3
2023-09-14 16:06:54,013:INFO:            pmdarima: 2.0.3
2023-09-14 16:06:54,013:INFO:              psutil: 5.9.5
2023-09-14 16:06:54,013:INFO:          markupsafe: 2.1.3
2023-09-14 16:06:54,013:INFO:             pickle5: Not installed
2023-09-14 16:06:54,013:INFO:         cloudpickle: 2.2.1
2023-09-14 16:06:54,013:INFO:         deprecation: 2.1.0
2023-09-14 16:06:54,013:INFO:              xxhash: 3.3.0
2023-09-14 16:06:54,013:INFO:           wurlitzer: 3.0.3
2023-09-14 16:06:54,013:INFO:PyCaret optional dependencies:
2023-09-14 16:06:54,154:WARNING:/usr/local/lib/python3.10/dist-packages/trio/_core/_multierror.py:412: RuntimeWarning: IPython detected, but you already have a custom exception handler installed. I'll skip installing Trio's custom handler, but this means exception groups will not show full tracebacks.
  warnings.warn(

2023-09-14 16:06:55,212:INFO:                shap: 0.42.1
2023-09-14 16:06:55,212:INFO:           interpret: 0.4.4
2023-09-14 16:06:55,212:INFO:                umap: 0.5.3
2023-09-14 16:06:55,212:INFO:     ydata_profiling: 4.5.1
2023-09-14 16:06:55,212:INFO:  explainerdashboard: 0.4.3
2023-09-14 16:06:55,212:INFO:             autoviz: Not installed
2023-09-14 16:06:55,213:INFO:           fairlearn: 0.7.0
2023-09-14 16:06:55,213:INFO:          deepchecks: Not installed
2023-09-14 16:06:55,213:INFO:             xgboost: 1.7.6
2023-09-14 16:06:55,213:INFO:            catboost: 1.2.1
2023-09-14 16:06:55,213:INFO:              kmodes: 0.12.2
2023-09-14 16:06:55,213:INFO:             mlxtend: 0.22.0
2023-09-14 16:06:55,213:INFO:       statsforecast: 1.5.0
2023-09-14 16:06:55,213:INFO:        tune_sklearn: 0.4.6
2023-09-14 16:06:55,213:INFO:                 ray: 2.6.3
2023-09-14 16:06:55,213:INFO:            hyperopt: 0.2.7
2023-09-14 16:06:55,213:INFO:              optuna: 3.3.0
2023-09-14 16:06:55,213:INFO:               skopt: 0.9.0
2023-09-14 16:06:55,213:INFO:              mlflow: 1.30.1
2023-09-14 16:06:55,213:INFO:              gradio: 3.44.2
2023-09-14 16:06:55,213:INFO:             fastapi: 0.103.1
2023-09-14 16:06:55,213:INFO:             uvicorn: 0.23.2
2023-09-14 16:06:55,213:INFO:              m2cgen: 0.10.0
2023-09-14 16:06:55,213:INFO:           evidently: 0.2.8
2023-09-14 16:06:55,213:INFO:               fugue: 0.8.6
2023-09-14 16:06:55,213:INFO:           streamlit: Not installed
2023-09-14 16:06:55,213:INFO:             prophet: 1.1.4
2023-09-14 16:06:55,213:INFO:None
2023-09-14 16:06:55,213:INFO:Set up data.
2023-09-14 16:06:55,251:INFO:Set up folding strategy.
2023-09-14 16:06:55,251:INFO:Set up train/test split.
2023-09-14 16:06:55,268:INFO:Set up index.
2023-09-14 16:06:55,269:INFO:Assigning column types.
2023-09-14 16:06:55,277:INFO:Engine successfully changes for model 'lr' to 'sklearn'.
2023-09-14 16:06:55,277:INFO:Engine for model 'lasso' has not been set explicitly, hence returning None.
2023-09-14 16:06:55,282:INFO:Engine for model 'ridge' has not been set explicitly, hence returning None.
2023-09-14 16:06:55,287:INFO:Engine for model 'en' has not been set explicitly, hence returning None.
2023-09-14 16:06:55,381:INFO:Engine for model 'svm' has not been set explicitly, hence returning None.
2023-09-14 16:06:55,492:INFO:Engine for model 'knn' has not been set explicitly, hence returning None.
2023-09-14 16:06:55,493:INFO:Soft dependency imported: xgboost: 1.7.6
2023-09-14 16:06:55,749:INFO:Soft dependency imported: catboost: 1.2.1
2023-09-14 16:06:56,011:INFO:Engine for model 'lasso' has not been set explicitly, hence returning None.
2023-09-14 16:06:56,016:INFO:Engine for model 'ridge' has not been set explicitly, hence returning None.
2023-09-14 16:06:56,021:INFO:Engine for model 'en' has not been set explicitly, hence returning None.
2023-09-14 16:06:56,093:INFO:Engine for model 'svm' has not been set explicitly, hence returning None.
2023-09-14 16:06:56,153:INFO:Engine for model 'knn' has not been set explicitly, hence returning None.
2023-09-14 16:06:56,154:INFO:Soft dependency imported: xgboost: 1.7.6
2023-09-14 16:06:56,159:INFO:Soft dependency imported: catboost: 1.2.1
2023-09-14 16:06:56,160:INFO:Engine successfully changes for model 'lasso' to 'sklearn'.
2023-09-14 16:06:56,165:INFO:Engine for model 'ridge' has not been set explicitly, hence returning None.
2023-09-14 16:06:56,170:INFO:Engine for model 'en' has not been set explicitly, hence returning None.
2023-09-14 16:06:56,235:INFO:Engine for model 'svm' has not been set explicitly, hence returning None.
2023-09-14 16:06:56,282:INFO:Engine for model 'knn' has not been set explicitly, hence returning None.
2023-09-14 16:06:56,282:INFO:Soft dependency imported: xgboost: 1.7.6
2023-09-14 16:06:56,285:INFO:Soft dependency imported: catboost: 1.2.1
2023-09-14 16:06:56,290:INFO:Engine for model 'ridge' has not been set explicitly, hence returning None.
2023-09-14 16:06:56,295:INFO:Engine for model 'en' has not been set explicitly, hence returning None.
2023-09-14 16:06:56,365:INFO:Engine for model 'svm' has not been set explicitly, hence returning None.
2023-09-14 16:06:56,418:INFO:Engine for model 'knn' has not been set explicitly, hence returning None.
2023-09-14 16:06:56,418:INFO:Soft dependency imported: xgboost: 1.7.6
2023-09-14 16:06:56,421:INFO:Soft dependency imported: catboost: 1.2.1
2023-09-14 16:06:56,422:INFO:Engine successfully changes for model 'ridge' to 'sklearn'.
2023-09-14 16:06:56,431:INFO:Engine for model 'en' has not been set explicitly, hence returning None.
2023-09-14 16:06:56,495:INFO:Engine for model 'svm' has not been set explicitly, hence returning None.
2023-09-14 16:06:56,541:INFO:Engine for model 'knn' has not been set explicitly, hence returning None.
2023-09-14 16:06:56,542:INFO:Soft dependency imported: xgboost: 1.7.6
2023-09-14 16:06:56,545:INFO:Soft dependency imported: catboost: 1.2.1
2023-09-14 16:06:56,555:INFO:Engine for model 'en' has not been set explicitly, hence returning None.
2023-09-14 16:06:56,631:INFO:Engine for model 'svm' has not been set explicitly, hence returning None.
2023-09-14 16:06:56,681:INFO:Engine for model 'knn' has not been set explicitly, hence returning None.
2023-09-14 16:06:56,683:INFO:Soft dependency imported: xgboost: 1.7.6
2023-09-14 16:06:56,686:INFO:Soft dependency imported: catboost: 1.2.1
2023-09-14 16:06:56,687:INFO:Engine successfully changes for model 'en' to 'sklearn'.
2023-09-14 16:06:56,764:INFO:Engine for model 'svm' has not been set explicitly, hence returning None.
2023-09-14 16:06:56,819:INFO:Engine for model 'knn' has not been set explicitly, hence returning None.
2023-09-14 16:06:56,820:INFO:Soft dependency imported: xgboost: 1.7.6
2023-09-14 16:06:56,823:INFO:Soft dependency imported: catboost: 1.2.1
2023-09-14 16:06:56,899:INFO:Engine for model 'svm' has not been set explicitly, hence returning None.
2023-09-14 16:06:56,957:INFO:Engine for model 'knn' has not been set explicitly, hence returning None.
2023-09-14 16:06:56,958:INFO:Soft dependency imported: xgboost: 1.7.6
2023-09-14 16:06:56,962:INFO:Soft dependency imported: catboost: 1.2.1
2023-09-14 16:06:56,963:INFO:Engine successfully changes for model 'knn' to 'sklearn'.
2023-09-14 16:06:57,043:INFO:Engine for model 'svm' has not been set explicitly, hence returning None.
2023-09-14 16:06:57,090:INFO:Soft dependency imported: xgboost: 1.7.6
2023-09-14 16:06:57,093:INFO:Soft dependency imported: catboost: 1.2.1
2023-09-14 16:06:57,181:INFO:Engine for model 'svm' has not been set explicitly, hence returning None.
2023-09-14 16:06:57,229:INFO:Soft dependency imported: xgboost: 1.7.6
2023-09-14 16:06:57,232:INFO:Soft dependency imported: catboost: 1.2.1
2023-09-14 16:06:57,237:INFO:Engine successfully changes for model 'svm' to 'sklearn'.
2023-09-14 16:06:57,550:INFO:Soft dependency imported: xgboost: 1.7.6
2023-09-14 16:06:57,559:INFO:Soft dependency imported: catboost: 1.2.1
2023-09-14 16:06:57,910:INFO:Soft dependency imported: xgboost: 1.7.6
2023-09-14 16:06:57,939:INFO:Soft dependency imported: catboost: 1.2.1
2023-09-14 16:06:57,942:INFO:Preparing preprocessing pipeline...
2023-09-14 16:06:57,942:INFO:Set up simple imputation.
2023-09-14 16:06:57,953:INFO:Set up encoding of categorical features.
2023-09-14 16:06:58,263:INFO:Finished creating preprocessing pipeline.
2023-09-14 16:06:58,280:INFO:Pipeline: Pipeline(memory=FastMemory(location=/tmp/joblib),
         steps=[('numerical_imputer',
                 TransformerWrapper(include=['km', 'bicicleta', 'onibus',
                                             'outros', 'BA', 'CW', 'DF', 'ES',
                                             'GO', 'MG', 'MS', 'MT', 'PA', 'PR',
                                             'RJ', 'RS', 'SC', 'SP', 'mes',
                                             'dia'],
                                    transformer=SimpleImputer())),
                ('categorical_imputer',
                 TransformerWrapper(include=['caminhao', 'moto', 'utilitarios'],
                                    transformer=SimpleImputer(strategy='most_frequent'))),
                ('onehot_encoding',
                 TransformerWrapper(include=['caminhao', 'moto', 'utilitarios'],
                                    transformer=OneHotEncoder(cols=['caminhao',
                                                                    'moto',
                                                                    'utilitarios'],
                                                              handle_missing='return_nan',
                                                              use_cat_names=True)))])
2023-09-14 16:06:58,280:INFO:Creating final display dataframe.
2023-09-14 16:06:58,858:INFO:Setup _display_container:                     Description             Value
0                    Session id              3577
1                        Target          acidente
2                   Target type        Regression
3           Original data shape       (20000, 24)
4        Transformed data shape       (20000, 37)
5   Transformed train set shape       (14000, 37)
6    Transformed test set shape        (6000, 37)
7              Numeric features                20
8          Categorical features                 3
9                    Preprocess              True
10              Imputation type            simple
11           Numeric imputation              mean
12       Categorical imputation              mode
13     Maximum one-hot encoding                25
14              Encoding method              None
15               Fold Generator             KFold
16                  Fold Number                10
17                     CPU Jobs                -1
18                      Use GPU             False
19               Log Experiment             False
20              Experiment Name  reg-default-name
21                          USI              933b
2023-09-14 16:06:59,182:INFO:Soft dependency imported: xgboost: 1.7.6
2023-09-14 16:06:59,187:INFO:Soft dependency imported: catboost: 1.2.1
2023-09-14 16:06:59,452:INFO:Soft dependency imported: xgboost: 1.7.6
2023-09-14 16:06:59,458:INFO:Soft dependency imported: catboost: 1.2.1
2023-09-14 16:06:59,460:INFO:setup() successfully completed in 5.89s...............
2023-09-14 16:06:59,476:INFO:Initializing compare_models()
2023-09-14 16:06:59,476:INFO:compare_models(self=<pycaret.regression.oop.RegressionExperiment object at 0x7c12418b0bb0>, include=None, fold=None, round=4, cross_validation=True, sort=R2, n_select=1, budget_time=None, turbo=True, errors=ignore, fit_kwargs=None, groups=None, experiment_custom_tags=None, probability_threshold=None, verbose=True, parallel=None, caller_params={'self': <pycaret.regression.oop.RegressionExperiment object at 0x7c12418b0bb0>, 'include': None, 'exclude': None, 'fold': None, 'round': 4, 'cross_validation': True, 'sort': 'R2', 'n_select': 1, 'budget_time': None, 'turbo': True, 'errors': 'ignore', 'fit_kwargs': None, 'groups': None, 'experiment_custom_tags': None, 'engine': None, 'verbose': True, 'parallel': None, '__class__': <class 'pycaret.regression.oop.RegressionExperiment'>}, exclude=None)
2023-09-14 16:06:59,476:INFO:Checking exceptions
2023-09-14 16:06:59,497:INFO:Preparing display monitor
2023-09-14 16:06:59,633:INFO:Initializing Linear Regression
2023-09-14 16:06:59,633:INFO:Total runtime is 3.8584073384602865e-06 minutes
2023-09-14 16:06:59,650:INFO:SubProcess create_model() called ==================================
2023-09-14 16:06:59,651:INFO:Initializing create_model()
2023-09-14 16:06:59,651:INFO:create_model(self=<pycaret.regression.oop.RegressionExperiment object at 0x7c12418b0bb0>, estimator=lr, fold=KFold(n_splits=10, random_state=None, shuffle=False), round=4, cross_validation=True, predict=True, fit_kwargs={}, groups=None, refit=False, probability_threshold=None, experiment_custom_tags=None, verbose=False, system=False, add_to_model_list=True, metrics=None, display=<pycaret.internal.display.display.CommonDisplay object at 0x7c124ab55c00>, model_only=True, return_train_score=False, kwargs={})
2023-09-14 16:06:59,651:INFO:Checking exceptions
2023-09-14 16:06:59,651:INFO:Importing libraries
2023-09-14 16:06:59,651:INFO:Copying training dataset
2023-09-14 16:06:59,678:INFO:Defining folds
2023-09-14 16:06:59,678:INFO:Declaring metric variables
2023-09-14 16:06:59,686:INFO:Importing untrained model
2023-09-14 16:06:59,693:INFO:Linear Regression Imported successfully
2023-09-14 16:06:59,733:INFO:Starting cross validation
2023-09-14 16:06:59,780:INFO:Cross validating with KFold(n_splits=10, random_state=None, shuffle=False), n_jobs=-1
2023-09-14 16:07:16,152:INFO:Calculating mean and std
2023-09-14 16:07:16,155:INFO:Creating metrics dataframe
2023-09-14 16:07:16,165:INFO:Uploading results into container
2023-09-14 16:07:16,166:INFO:Uploading model into container now
2023-09-14 16:07:16,183:INFO:_master_model_container: 1
2023-09-14 16:07:16,183:INFO:_display_container: 2
2023-09-14 16:07:16,184:INFO:LinearRegression(n_jobs=-1)
2023-09-14 16:07:16,184:INFO:create_model() successfully completed......................................
2023-09-14 16:07:16,453:INFO:SubProcess create_model() end ==================================
2023-09-14 16:07:16,453:INFO:Creating metrics dataframe
2023-09-14 16:07:16,480:INFO:Initializing Lasso Regression
2023-09-14 16:07:16,480:INFO:Total runtime is 0.28078112602233884 minutes
2023-09-14 16:07:16,493:INFO:SubProcess create_model() called ==================================
2023-09-14 16:07:16,494:INFO:Initializing create_model()
2023-09-14 16:07:16,494:INFO:create_model(self=<pycaret.regression.oop.RegressionExperiment object at 0x7c12418b0bb0>, estimator=lasso, fold=KFold(n_splits=10, random_state=None, shuffle=False), round=4, cross_validation=True, predict=True, fit_kwargs={}, groups=None, refit=False, probability_threshold=None, experiment_custom_tags=None, verbose=False, system=False, add_to_model_list=True, metrics=None, display=<pycaret.internal.display.display.CommonDisplay object at 0x7c124ab55c00>, model_only=True, return_train_score=False, kwargs={})
2023-09-14 16:07:16,494:INFO:Checking exceptions
2023-09-14 16:07:16,494:INFO:Importing libraries
2023-09-14 16:07:16,494:INFO:Copying training dataset
2023-09-14 16:07:16,531:INFO:Defining folds
2023-09-14 16:07:16,531:INFO:Declaring metric variables
2023-09-14 16:07:16,549:INFO:Importing untrained model
2023-09-14 16:07:16,564:INFO:Lasso Regression Imported successfully
2023-09-14 16:07:16,592:INFO:Starting cross validation
2023-09-14 16:07:16,594:INFO:Cross validating with KFold(n_splits=10, random_state=None, shuffle=False), n_jobs=-1
2023-09-14 16:07:19,600:INFO:Calculating mean and std
2023-09-14 16:07:19,602:INFO:Creating metrics dataframe
2023-09-14 16:07:19,618:INFO:Uploading results into container
2023-09-14 16:07:19,622:INFO:Uploading model into container now
2023-09-14 16:07:19,623:INFO:_master_model_container: 2
2023-09-14 16:07:19,623:INFO:_display_container: 2
2023-09-14 16:07:19,623:INFO:Lasso(random_state=3577)
2023-09-14 16:07:19,623:INFO:create_model() successfully completed......................................
2023-09-14 16:07:19,864:INFO:SubProcess create_model() end ==================================
2023-09-14 16:07:19,864:INFO:Creating metrics dataframe
2023-09-14 16:07:19,890:INFO:Initializing Ridge Regression
2023-09-14 16:07:19,890:INFO:Total runtime is 0.33761809269587195 minutes
2023-09-14 16:07:19,906:INFO:SubProcess create_model() called ==================================
2023-09-14 16:07:19,907:INFO:Initializing create_model()
2023-09-14 16:07:19,907:INFO:create_model(self=<pycaret.regression.oop.RegressionExperiment object at 0x7c12418b0bb0>, estimator=ridge, fold=KFold(n_splits=10, random_state=None, shuffle=False), round=4, cross_validation=True, predict=True, fit_kwargs={}, groups=None, refit=False, probability_threshold=None, experiment_custom_tags=None, verbose=False, system=False, add_to_model_list=True, metrics=None, display=<pycaret.internal.display.display.CommonDisplay object at 0x7c124ab55c00>, model_only=True, return_train_score=False, kwargs={})
2023-09-14 16:07:19,907:INFO:Checking exceptions
2023-09-14 16:07:19,907:INFO:Importing libraries
2023-09-14 16:07:19,907:INFO:Copying training dataset
2023-09-14 16:07:19,941:INFO:Defining folds
2023-09-14 16:07:19,941:INFO:Declaring metric variables
2023-09-14 16:07:19,959:INFO:Importing untrained model
2023-09-14 16:07:19,974:INFO:Ridge Regression Imported successfully
2023-09-14 16:07:20,004:INFO:Starting cross validation
2023-09-14 16:07:20,007:INFO:Cross validating with KFold(n_splits=10, random_state=None, shuffle=False), n_jobs=-1
2023-09-14 16:07:22,892:INFO:Calculating mean and std
2023-09-14 16:07:22,894:INFO:Creating metrics dataframe
2023-09-14 16:07:22,903:INFO:Uploading results into container
2023-09-14 16:07:22,904:INFO:Uploading model into container now
2023-09-14 16:07:22,905:INFO:_master_model_container: 3
2023-09-14 16:07:22,905:INFO:_display_container: 2
2023-09-14 16:07:22,905:INFO:Ridge(random_state=3577)
2023-09-14 16:07:22,905:INFO:create_model() successfully completed......................................
2023-09-14 16:07:23,227:INFO:SubProcess create_model() end ==================================
2023-09-14 16:07:23,227:INFO:Creating metrics dataframe
2023-09-14 16:07:23,247:INFO:Initializing Elastic Net
2023-09-14 16:07:23,247:INFO:Total runtime is 0.39356808662414544 minutes
2023-09-14 16:07:23,255:INFO:SubProcess create_model() called ==================================
2023-09-14 16:07:23,256:INFO:Initializing create_model()
2023-09-14 16:07:23,256:INFO:create_model(self=<pycaret.regression.oop.RegressionExperiment object at 0x7c12418b0bb0>, estimator=en, fold=KFold(n_splits=10, random_state=None, shuffle=False), round=4, cross_validation=True, predict=True, fit_kwargs={}, groups=None, refit=False, probability_threshold=None, experiment_custom_tags=None, verbose=False, system=False, add_to_model_list=True, metrics=None, display=<pycaret.internal.display.display.CommonDisplay object at 0x7c124ab55c00>, model_only=True, return_train_score=False, kwargs={})
2023-09-14 16:07:23,256:INFO:Checking exceptions
2023-09-14 16:07:23,256:INFO:Importing libraries
2023-09-14 16:07:23,256:INFO:Copying training dataset
2023-09-14 16:07:23,279:INFO:Defining folds
2023-09-14 16:07:23,279:INFO:Declaring metric variables
2023-09-14 16:07:23,288:INFO:Importing untrained model
2023-09-14 16:07:23,297:INFO:Elastic Net Imported successfully
2023-09-14 16:07:23,312:INFO:Starting cross validation
2023-09-14 16:07:23,314:INFO:Cross validating with KFold(n_splits=10, random_state=None, shuffle=False), n_jobs=-1
2023-09-14 16:07:26,309:INFO:Calculating mean and std
2023-09-14 16:07:26,313:INFO:Creating metrics dataframe
2023-09-14 16:07:26,327:INFO:Uploading results into container
2023-09-14 16:07:26,330:INFO:Uploading model into container now
2023-09-14 16:07:26,331:INFO:_master_model_container: 4
2023-09-14 16:07:26,331:INFO:_display_container: 2
2023-09-14 16:07:26,333:INFO:ElasticNet(random_state=3577)
2023-09-14 16:07:26,334:INFO:create_model() successfully completed......................................
2023-09-14 16:07:26,766:INFO:SubProcess create_model() end ==================================
2023-09-14 16:07:26,767:INFO:Creating metrics dataframe
2023-09-14 16:07:26,810:INFO:Initializing Least Angle Regression
2023-09-14 16:07:26,810:INFO:Total runtime is 0.45295345385869334 minutes
2023-09-14 16:07:26,829:INFO:SubProcess create_model() called ==================================
2023-09-14 16:07:26,829:INFO:Initializing create_model()
2023-09-14 16:07:26,830:INFO:create_model(self=<pycaret.regression.oop.RegressionExperiment object at 0x7c12418b0bb0>, estimator=lar, fold=KFold(n_splits=10, random_state=None, shuffle=False), round=4, cross_validation=True, predict=True, fit_kwargs={}, groups=None, refit=False, probability_threshold=None, experiment_custom_tags=None, verbose=False, system=False, add_to_model_list=True, metrics=None, display=<pycaret.internal.display.display.CommonDisplay object at 0x7c124ab55c00>, model_only=True, return_train_score=False, kwargs={})
2023-09-14 16:07:26,830:INFO:Checking exceptions
2023-09-14 16:07:26,830:INFO:Importing libraries
2023-09-14 16:07:26,830:INFO:Copying training dataset
2023-09-14 16:07:26,870:INFO:Defining folds
2023-09-14 16:07:26,876:INFO:Declaring metric variables
2023-09-14 16:07:26,921:INFO:Importing untrained model
2023-09-14 16:07:26,937:INFO:Least Angle Regression Imported successfully
2023-09-14 16:07:26,982:INFO:Starting cross validation
2023-09-14 16:07:26,985:INFO:Cross validating with KFold(n_splits=10, random_state=None, shuffle=False), n_jobs=-1
2023-09-14 16:07:31,868:INFO:Calculating mean and std
2023-09-14 16:07:31,870:INFO:Creating metrics dataframe
2023-09-14 16:07:31,879:INFO:Uploading results into container
2023-09-14 16:07:31,880:INFO:Uploading model into container now
2023-09-14 16:07:31,881:INFO:_master_model_container: 5
2023-09-14 16:07:31,881:INFO:_display_container: 2
2023-09-14 16:07:31,882:INFO:Lars(random_state=3577)
2023-09-14 16:07:31,882:INFO:create_model() successfully completed......................................
2023-09-14 16:07:32,372:INFO:SubProcess create_model() end ==================================
2023-09-14 16:07:32,372:INFO:Creating metrics dataframe
2023-09-14 16:07:32,427:INFO:Initializing Lasso Least Angle Regression
2023-09-14 16:07:32,427:INFO:Total runtime is 0.5465666969617207 minutes
2023-09-14 16:07:32,467:INFO:SubProcess create_model() called ==================================
2023-09-14 16:07:32,468:INFO:Initializing create_model()
2023-09-14 16:07:32,468:INFO:create_model(self=<pycaret.regression.oop.RegressionExperiment object at 0x7c12418b0bb0>, estimator=llar, fold=KFold(n_splits=10, random_state=None, shuffle=False), round=4, cross_validation=True, predict=True, fit_kwargs={}, groups=None, refit=False, probability_threshold=None, experiment_custom_tags=None, verbose=False, system=False, add_to_model_list=True, metrics=None, display=<pycaret.internal.display.display.CommonDisplay object at 0x7c124ab55c00>, model_only=True, return_train_score=False, kwargs={})
2023-09-14 16:07:32,468:INFO:Checking exceptions
2023-09-14 16:07:32,468:INFO:Importing libraries
2023-09-14 16:07:32,468:INFO:Copying training dataset
2023-09-14 16:07:32,548:INFO:Defining folds
2023-09-14 16:07:32,548:INFO:Declaring metric variables
2023-09-14 16:07:32,567:INFO:Importing untrained model
2023-09-14 16:07:32,592:INFO:Lasso Least Angle Regression Imported successfully
2023-09-14 16:07:32,657:INFO:Starting cross validation
2023-09-14 16:07:32,668:INFO:Cross validating with KFold(n_splits=10, random_state=None, shuffle=False), n_jobs=-1
2023-09-14 16:07:37,439:INFO:Calculating mean and std
2023-09-14 16:07:37,448:INFO:Creating metrics dataframe
2023-09-14 16:07:37,465:INFO:Uploading results into container
2023-09-14 16:07:37,466:INFO:Uploading model into container now
2023-09-14 16:07:37,467:INFO:_master_model_container: 6
2023-09-14 16:07:37,475:INFO:_display_container: 2
2023-09-14 16:07:37,476:INFO:LassoLars(random_state=3577)
2023-09-14 16:07:37,476:INFO:create_model() successfully completed......................................
2023-09-14 16:07:38,049:INFO:SubProcess create_model() end ==================================
2023-09-14 16:07:38,055:INFO:Creating metrics dataframe
2023-09-14 16:07:38,102:INFO:Initializing Orthogonal Matching Pursuit
2023-09-14 16:07:38,102:INFO:Total runtime is 0.6411567330360411 minutes
2023-09-14 16:07:38,122:INFO:SubProcess create_model() called ==================================
2023-09-14 16:07:38,122:INFO:Initializing create_model()
2023-09-14 16:07:38,122:INFO:create_model(self=<pycaret.regression.oop.RegressionExperiment object at 0x7c12418b0bb0>, estimator=omp, fold=KFold(n_splits=10, random_state=None, shuffle=False), round=4, cross_validation=True, predict=True, fit_kwargs={}, groups=None, refit=False, probability_threshold=None, experiment_custom_tags=None, verbose=False, system=False, add_to_model_list=True, metrics=None, display=<pycaret.internal.display.display.CommonDisplay object at 0x7c124ab55c00>, model_only=True, return_train_score=False, kwargs={})
2023-09-14 16:07:38,123:INFO:Checking exceptions
2023-09-14 16:07:38,123:INFO:Importing libraries
2023-09-14 16:07:38,123:INFO:Copying training dataset
2023-09-14 16:07:38,162:INFO:Defining folds
2023-09-14 16:07:38,162:INFO:Declaring metric variables
2023-09-14 16:07:38,173:INFO:Importing untrained model
2023-09-14 16:07:38,184:INFO:Orthogonal Matching Pursuit Imported successfully
2023-09-14 16:07:38,204:INFO:Starting cross validation
2023-09-14 16:07:38,208:INFO:Cross validating with KFold(n_splits=10, random_state=None, shuffle=False), n_jobs=-1
2023-09-14 16:07:40,883:INFO:Calculating mean and std
2023-09-14 16:07:40,885:INFO:Creating metrics dataframe
2023-09-14 16:07:40,897:INFO:Uploading results into container
2023-09-14 16:07:40,899:INFO:Uploading model into container now
2023-09-14 16:07:40,899:INFO:_master_model_container: 7
2023-09-14 16:07:40,899:INFO:_display_container: 2
2023-09-14 16:07:40,900:INFO:OrthogonalMatchingPursuit()
2023-09-14 16:07:40,900:INFO:create_model() successfully completed......................................
2023-09-14 16:07:41,066:INFO:SubProcess create_model() end ==================================
2023-09-14 16:07:41,066:INFO:Creating metrics dataframe
2023-09-14 16:07:41,081:INFO:Initializing Bayesian Ridge
2023-09-14 16:07:41,081:INFO:Total runtime is 0.6908052007357278 minutes
2023-09-14 16:07:41,089:INFO:SubProcess create_model() called ==================================
2023-09-14 16:07:41,090:INFO:Initializing create_model()
2023-09-14 16:07:41,090:INFO:create_model(self=<pycaret.regression.oop.RegressionExperiment object at 0x7c12418b0bb0>, estimator=br, fold=KFold(n_splits=10, random_state=None, shuffle=False), round=4, cross_validation=True, predict=True, fit_kwargs={}, groups=None, refit=False, probability_threshold=None, experiment_custom_tags=None, verbose=False, system=False, add_to_model_list=True, metrics=None, display=<pycaret.internal.display.display.CommonDisplay object at 0x7c124ab55c00>, model_only=True, return_train_score=False, kwargs={})
2023-09-14 16:07:41,090:INFO:Checking exceptions
2023-09-14 16:07:41,090:INFO:Importing libraries
2023-09-14 16:07:41,090:INFO:Copying training dataset
2023-09-14 16:07:41,108:INFO:Defining folds
2023-09-14 16:07:41,108:INFO:Declaring metric variables
2023-09-14 16:07:41,118:INFO:Importing untrained model
2023-09-14 16:07:41,126:INFO:Bayesian Ridge Imported successfully
2023-09-14 16:07:41,141:INFO:Starting cross validation
2023-09-14 16:07:41,146:INFO:Cross validating with KFold(n_splits=10, random_state=None, shuffle=False), n_jobs=-1
2023-09-14 16:07:42,821:INFO:Calculating mean and std
2023-09-14 16:07:42,823:INFO:Creating metrics dataframe
2023-09-14 16:07:42,834:INFO:Uploading results into container
2023-09-14 16:07:42,835:INFO:Uploading model into container now
2023-09-14 16:07:42,836:INFO:_master_model_container: 8
2023-09-14 16:07:42,836:INFO:_display_container: 2
2023-09-14 16:07:42,836:INFO:BayesianRidge()
2023-09-14 16:07:42,836:INFO:create_model() successfully completed......................................
2023-09-14 16:07:42,999:INFO:SubProcess create_model() end ==================================
2023-09-14 16:07:43,000:INFO:Creating metrics dataframe
2023-09-14 16:07:43,015:INFO:Initializing Passive Aggressive Regressor
2023-09-14 16:07:43,016:INFO:Total runtime is 0.7230422616004942 minutes
2023-09-14 16:07:43,026:INFO:SubProcess create_model() called ==================================
2023-09-14 16:07:43,026:INFO:Initializing create_model()
2023-09-14 16:07:43,026:INFO:create_model(self=<pycaret.regression.oop.RegressionExperiment object at 0x7c12418b0bb0>, estimator=par, fold=KFold(n_splits=10, random_state=None, shuffle=False), round=4, cross_validation=True, predict=True, fit_kwargs={}, groups=None, refit=False, probability_threshold=None, experiment_custom_tags=None, verbose=False, system=False, add_to_model_list=True, metrics=None, display=<pycaret.internal.display.display.CommonDisplay object at 0x7c124ab55c00>, model_only=True, return_train_score=False, kwargs={})
2023-09-14 16:07:43,027:INFO:Checking exceptions
2023-09-14 16:07:43,027:INFO:Importing libraries
2023-09-14 16:07:43,027:INFO:Copying training dataset
2023-09-14 16:07:43,041:INFO:Defining folds
2023-09-14 16:07:43,041:INFO:Declaring metric variables
2023-09-14 16:07:43,050:INFO:Importing untrained model
2023-09-14 16:07:43,060:INFO:Passive Aggressive Regressor Imported successfully
2023-09-14 16:07:43,078:INFO:Starting cross validation
2023-09-14 16:07:43,082:INFO:Cross validating with KFold(n_splits=10, random_state=None, shuffle=False), n_jobs=-1
2023-09-14 16:07:44,919:INFO:Calculating mean and std
2023-09-14 16:07:44,920:INFO:Creating metrics dataframe
2023-09-14 16:07:44,931:INFO:Uploading results into container
2023-09-14 16:07:44,932:INFO:Uploading model into container now
2023-09-14 16:07:44,933:INFO:_master_model_container: 9
2023-09-14 16:07:44,933:INFO:_display_container: 2
2023-09-14 16:07:44,934:INFO:PassiveAggressiveRegressor(random_state=3577)
2023-09-14 16:07:44,934:INFO:create_model() successfully completed......................................
2023-09-14 16:07:45,098:INFO:SubProcess create_model() end ==================================
2023-09-14 16:07:45,098:INFO:Creating metrics dataframe
2023-09-14 16:07:45,112:INFO:Initializing Huber Regressor
2023-09-14 16:07:45,113:INFO:Total runtime is 0.7579919974009195 minutes
2023-09-14 16:07:45,120:INFO:SubProcess create_model() called ==================================
2023-09-14 16:07:45,121:INFO:Initializing create_model()
2023-09-14 16:07:45,121:INFO:create_model(self=<pycaret.regression.oop.RegressionExperiment object at 0x7c12418b0bb0>, estimator=huber, fold=KFold(n_splits=10, random_state=None, shuffle=False), round=4, cross_validation=True, predict=True, fit_kwargs={}, groups=None, refit=False, probability_threshold=None, experiment_custom_tags=None, verbose=False, system=False, add_to_model_list=True, metrics=None, display=<pycaret.internal.display.display.CommonDisplay object at 0x7c124ab55c00>, model_only=True, return_train_score=False, kwargs={})
2023-09-14 16:07:45,121:INFO:Checking exceptions
2023-09-14 16:07:45,121:INFO:Importing libraries
2023-09-14 16:07:45,121:INFO:Copying training dataset
2023-09-14 16:07:45,139:INFO:Defining folds
2023-09-14 16:07:45,140:INFO:Declaring metric variables
2023-09-14 16:07:45,149:INFO:Importing untrained model
2023-09-14 16:07:45,161:INFO:Huber Regressor Imported successfully
2023-09-14 16:07:45,180:INFO:Starting cross validation
2023-09-14 16:07:45,183:INFO:Cross validating with KFold(n_splits=10, random_state=None, shuffle=False), n_jobs=-1
2023-09-14 16:07:45,964:WARNING:/usr/local/lib/python3.10/dist-packages/sklearn/linear_model/_huber.py:342: ConvergenceWarning: lbfgs failed to converge (status=1):
STOP: TOTAL NO. of ITERATIONS REACHED LIMIT.

Increase the number of iterations (max_iter) or scale the data as shown in:
    https://scikit-learn.org/stable/modules/preprocessing.html
  self.n_iter_ = _check_optimize_result("lbfgs", opt_res, self.max_iter)

2023-09-14 16:07:45,979:WARNING:/usr/local/lib/python3.10/dist-packages/sklearn/linear_model/_huber.py:342: ConvergenceWarning: lbfgs failed to converge (status=1):
STOP: TOTAL NO. of ITERATIONS REACHED LIMIT.

Increase the number of iterations (max_iter) or scale the data as shown in:
    https://scikit-learn.org/stable/modules/preprocessing.html
  self.n_iter_ = _check_optimize_result("lbfgs", opt_res, self.max_iter)

2023-09-14 16:07:46,813:WARNING:/usr/local/lib/python3.10/dist-packages/sklearn/linear_model/_huber.py:342: ConvergenceWarning: lbfgs failed to converge (status=1):
STOP: TOTAL NO. of ITERATIONS REACHED LIMIT.

Increase the number of iterations (max_iter) or scale the data as shown in:
    https://scikit-learn.org/stable/modules/preprocessing.html
  self.n_iter_ = _check_optimize_result("lbfgs", opt_res, self.max_iter)

2023-09-14 16:07:46,821:WARNING:/usr/local/lib/python3.10/dist-packages/sklearn/linear_model/_huber.py:342: ConvergenceWarning: lbfgs failed to converge (status=1):
STOP: TOTAL NO. of ITERATIONS REACHED LIMIT.

Increase the number of iterations (max_iter) or scale the data as shown in:
    https://scikit-learn.org/stable/modules/preprocessing.html
  self.n_iter_ = _check_optimize_result("lbfgs", opt_res, self.max_iter)

2023-09-14 16:07:47,628:WARNING:/usr/local/lib/python3.10/dist-packages/sklearn/linear_model/_huber.py:342: ConvergenceWarning: lbfgs failed to converge (status=1):
STOP: TOTAL NO. of ITERATIONS REACHED LIMIT.

Increase the number of iterations (max_iter) or scale the data as shown in:
    https://scikit-learn.org/stable/modules/preprocessing.html
  self.n_iter_ = _check_optimize_result("lbfgs", opt_res, self.max_iter)

2023-09-14 16:07:47,670:WARNING:/usr/local/lib/python3.10/dist-packages/sklearn/linear_model/_huber.py:342: ConvergenceWarning: lbfgs failed to converge (status=1):
STOP: TOTAL NO. of ITERATIONS REACHED LIMIT.

Increase the number of iterations (max_iter) or scale the data as shown in:
    https://scikit-learn.org/stable/modules/preprocessing.html
  self.n_iter_ = _check_optimize_result("lbfgs", opt_res, self.max_iter)

2023-09-14 16:07:48,444:WARNING:/usr/local/lib/python3.10/dist-packages/sklearn/linear_model/_huber.py:342: ConvergenceWarning: lbfgs failed to converge (status=1):
STOP: TOTAL NO. of ITERATIONS REACHED LIMIT.

Increase the number of iterations (max_iter) or scale the data as shown in:
    https://scikit-learn.org/stable/modules/preprocessing.html
  self.n_iter_ = _check_optimize_result("lbfgs", opt_res, self.max_iter)

2023-09-14 16:07:48,473:WARNING:/usr/local/lib/python3.10/dist-packages/sklearn/linear_model/_huber.py:342: ConvergenceWarning: lbfgs failed to converge (status=1):
STOP: TOTAL NO. of ITERATIONS REACHED LIMIT.

Increase the number of iterations (max_iter) or scale the data as shown in:
    https://scikit-learn.org/stable/modules/preprocessing.html
  self.n_iter_ = _check_optimize_result("lbfgs", opt_res, self.max_iter)

2023-09-14 16:07:49,220:WARNING:/usr/local/lib/python3.10/dist-packages/sklearn/linear_model/_huber.py:342: ConvergenceWarning: lbfgs failed to converge (status=1):
STOP: TOTAL NO. of ITERATIONS REACHED LIMIT.

Increase the number of iterations (max_iter) or scale the data as shown in:
    https://scikit-learn.org/stable/modules/preprocessing.html
  self.n_iter_ = _check_optimize_result("lbfgs", opt_res, self.max_iter)

2023-09-14 16:07:49,273:WARNING:/usr/local/lib/python3.10/dist-packages/sklearn/linear_model/_huber.py:342: ConvergenceWarning: lbfgs failed to converge (status=1):
STOP: TOTAL NO. of ITERATIONS REACHED LIMIT.

Increase the number of iterations (max_iter) or scale the data as shown in:
    https://scikit-learn.org/stable/modules/preprocessing.html
  self.n_iter_ = _check_optimize_result("lbfgs", opt_res, self.max_iter)

2023-09-14 16:07:49,318:INFO:Calculating mean and std
2023-09-14 16:07:49,319:INFO:Creating metrics dataframe
2023-09-14 16:07:49,329:INFO:Uploading results into container
2023-09-14 16:07:49,331:INFO:Uploading model into container now
2023-09-14 16:07:49,331:INFO:_master_model_container: 10
2023-09-14 16:07:49,332:INFO:_display_container: 2
2023-09-14 16:07:49,332:INFO:HuberRegressor()
2023-09-14 16:07:49,332:INFO:create_model() successfully completed......................................
2023-09-14 16:07:49,494:INFO:SubProcess create_model() end ==================================
2023-09-14 16:07:49,495:INFO:Creating metrics dataframe
2023-09-14 16:07:49,511:INFO:Initializing K Neighbors Regressor
2023-09-14 16:07:49,512:INFO:Total runtime is 0.8313085317611694 minutes
2023-09-14 16:07:49,520:INFO:SubProcess create_model() called ==================================
2023-09-14 16:07:49,520:INFO:Initializing create_model()
2023-09-14 16:07:49,520:INFO:create_model(self=<pycaret.regression.oop.RegressionExperiment object at 0x7c12418b0bb0>, estimator=knn, fold=KFold(n_splits=10, random_state=None, shuffle=False), round=4, cross_validation=True, predict=True, fit_kwargs={}, groups=None, refit=False, probability_threshold=None, experiment_custom_tags=None, verbose=False, system=False, add_to_model_list=True, metrics=None, display=<pycaret.internal.display.display.CommonDisplay object at 0x7c124ab55c00>, model_only=True, return_train_score=False, kwargs={})
2023-09-14 16:07:49,521:INFO:Checking exceptions
2023-09-14 16:07:49,521:INFO:Importing libraries
2023-09-14 16:07:49,521:INFO:Copying training dataset
2023-09-14 16:07:49,537:INFO:Defining folds
2023-09-14 16:07:49,537:INFO:Declaring metric variables
2023-09-14 16:07:49,546:INFO:Importing untrained model
2023-09-14 16:07:49,556:INFO:K Neighbors Regressor Imported successfully
2023-09-14 16:07:49,572:INFO:Starting cross validation
2023-09-14 16:07:49,574:INFO:Cross validating with KFold(n_splits=10, random_state=None, shuffle=False), n_jobs=-1
2023-09-14 16:07:53,379:INFO:Calculating mean and std
2023-09-14 16:07:53,382:INFO:Creating metrics dataframe
2023-09-14 16:07:53,389:INFO:Uploading results into container
2023-09-14 16:07:53,390:INFO:Uploading model into container now
2023-09-14 16:07:53,391:INFO:_master_model_container: 11
2023-09-14 16:07:53,391:INFO:_display_container: 2
2023-09-14 16:07:53,391:INFO:KNeighborsRegressor(n_jobs=-1)
2023-09-14 16:07:53,392:INFO:create_model() successfully completed......................................
2023-09-14 16:07:53,595:INFO:SubProcess create_model() end ==================================
2023-09-14 16:07:53,595:INFO:Creating metrics dataframe
2023-09-14 16:07:53,619:INFO:Initializing Decision Tree Regressor
2023-09-14 16:07:53,619:INFO:Total runtime is 0.899766973654429 minutes
2023-09-14 16:07:53,627:INFO:SubProcess create_model() called ==================================
2023-09-14 16:07:53,627:INFO:Initializing create_model()
2023-09-14 16:07:53,627:INFO:create_model(self=<pycaret.regression.oop.RegressionExperiment object at 0x7c12418b0bb0>, estimator=dt, fold=KFold(n_splits=10, random_state=None, shuffle=False), round=4, cross_validation=True, predict=True, fit_kwargs={}, groups=None, refit=False, probability_threshold=None, experiment_custom_tags=None, verbose=False, system=False, add_to_model_list=True, metrics=None, display=<pycaret.internal.display.display.CommonDisplay object at 0x7c124ab55c00>, model_only=True, return_train_score=False, kwargs={})
2023-09-14 16:07:53,628:INFO:Checking exceptions
2023-09-14 16:07:53,628:INFO:Importing libraries
2023-09-14 16:07:53,628:INFO:Copying training dataset
2023-09-14 16:07:53,658:INFO:Defining folds
2023-09-14 16:07:53,658:INFO:Declaring metric variables
2023-09-14 16:07:53,668:INFO:Importing untrained model
2023-09-14 16:07:53,677:INFO:Decision Tree Regressor Imported successfully
2023-09-14 16:07:53,690:INFO:Starting cross validation
2023-09-14 16:07:53,693:INFO:Cross validating with KFold(n_splits=10, random_state=None, shuffle=False), n_jobs=-1
2023-09-14 16:07:57,271:INFO:Calculating mean and std
2023-09-14 16:07:57,272:INFO:Creating metrics dataframe
2023-09-14 16:07:57,279:INFO:Uploading results into container
2023-09-14 16:07:57,281:INFO:Uploading model into container now
2023-09-14 16:07:57,282:INFO:_master_model_container: 12
2023-09-14 16:07:57,282:INFO:_display_container: 2
2023-09-14 16:07:57,282:INFO:DecisionTreeRegressor(random_state=3577)
2023-09-14 16:07:57,285:INFO:create_model() successfully completed......................................
2023-09-14 16:07:57,497:INFO:SubProcess create_model() end ==================================
2023-09-14 16:07:57,497:INFO:Creating metrics dataframe
2023-09-14 16:07:57,527:INFO:Initializing Random Forest Regressor
2023-09-14 16:07:57,527:INFO:Total runtime is 0.9648990551630655 minutes
2023-09-14 16:07:57,536:INFO:SubProcess create_model() called ==================================
2023-09-14 16:07:57,537:INFO:Initializing create_model()
2023-09-14 16:07:57,537:INFO:create_model(self=<pycaret.regression.oop.RegressionExperiment object at 0x7c12418b0bb0>, estimator=rf, fold=KFold(n_splits=10, random_state=None, shuffle=False), round=4, cross_validation=True, predict=True, fit_kwargs={}, groups=None, refit=False, probability_threshold=None, experiment_custom_tags=None, verbose=False, system=False, add_to_model_list=True, metrics=None, display=<pycaret.internal.display.display.CommonDisplay object at 0x7c124ab55c00>, model_only=True, return_train_score=False, kwargs={})
2023-09-14 16:07:57,538:INFO:Checking exceptions
2023-09-14 16:07:57,538:INFO:Importing libraries
2023-09-14 16:07:57,538:INFO:Copying training dataset
2023-09-14 16:07:57,570:INFO:Defining folds
2023-09-14 16:07:57,572:INFO:Declaring metric variables
2023-09-14 16:07:57,582:INFO:Importing untrained model
2023-09-14 16:07:57,593:INFO:Random Forest Regressor Imported successfully
2023-09-14 16:07:57,613:INFO:Starting cross validation
2023-09-14 16:07:57,616:INFO:Cross validating with KFold(n_splits=10, random_state=None, shuffle=False), n_jobs=-1
2023-09-14 16:08:50,438:INFO:Calculating mean and std
2023-09-14 16:08:50,456:INFO:Creating metrics dataframe
2023-09-14 16:08:50,475:INFO:Uploading results into container
2023-09-14 16:08:50,476:INFO:Uploading model into container now
2023-09-14 16:08:50,478:INFO:_master_model_container: 13
2023-09-14 16:08:50,478:INFO:_display_container: 2
2023-09-14 16:08:50,479:INFO:RandomForestRegressor(n_jobs=-1, random_state=3577)
2023-09-14 16:08:50,479:INFO:create_model() successfully completed......................................
2023-09-14 16:08:50,793:INFO:SubProcess create_model() end ==================================
2023-09-14 16:08:50,793:INFO:Creating metrics dataframe
2023-09-14 16:08:50,824:INFO:Initializing Extra Trees Regressor
2023-09-14 16:08:50,824:INFO:Total runtime is 1.8531845370928446 minutes
2023-09-14 16:08:50,836:INFO:SubProcess create_model() called ==================================
2023-09-14 16:08:50,838:INFO:Initializing create_model()
2023-09-14 16:08:50,838:INFO:create_model(self=<pycaret.regression.oop.RegressionExperiment object at 0x7c12418b0bb0>, estimator=et, fold=KFold(n_splits=10, random_state=None, shuffle=False), round=4, cross_validation=True, predict=True, fit_kwargs={}, groups=None, refit=False, probability_threshold=None, experiment_custom_tags=None, verbose=False, system=False, add_to_model_list=True, metrics=None, display=<pycaret.internal.display.display.CommonDisplay object at 0x7c124ab55c00>, model_only=True, return_train_score=False, kwargs={})
2023-09-14 16:08:50,838:INFO:Checking exceptions
2023-09-14 16:08:50,838:INFO:Importing libraries
2023-09-14 16:08:50,838:INFO:Copying training dataset
2023-09-14 16:08:50,871:INFO:Defining folds
2023-09-14 16:08:50,871:INFO:Declaring metric variables
2023-09-14 16:08:50,883:INFO:Importing untrained model
2023-09-14 16:08:50,896:INFO:Extra Trees Regressor Imported successfully
2023-09-14 16:08:50,918:INFO:Starting cross validation
2023-09-14 16:08:50,923:INFO:Cross validating with KFold(n_splits=10, random_state=None, shuffle=False), n_jobs=-1
2023-09-14 16:09:35,400:INFO:Calculating mean and std
2023-09-14 16:09:35,402:INFO:Creating metrics dataframe
2023-09-14 16:09:35,411:INFO:Uploading results into container
2023-09-14 16:09:35,412:INFO:Uploading model into container now
2023-09-14 16:09:35,412:INFO:_master_model_container: 14
2023-09-14 16:09:35,413:INFO:_display_container: 2
2023-09-14 16:09:35,413:INFO:ExtraTreesRegressor(n_jobs=-1, random_state=3577)
2023-09-14 16:09:35,413:INFO:create_model() successfully completed......................................
2023-09-14 16:09:35,629:INFO:SubProcess create_model() end ==================================
2023-09-14 16:09:35,629:INFO:Creating metrics dataframe
2023-09-14 16:09:35,653:INFO:Initializing AdaBoost Regressor
2023-09-14 16:09:35,654:INFO:Total runtime is 2.6003415107727053 minutes
2023-09-14 16:09:35,661:INFO:SubProcess create_model() called ==================================
2023-09-14 16:09:35,662:INFO:Initializing create_model()
2023-09-14 16:09:35,662:INFO:create_model(self=<pycaret.regression.oop.RegressionExperiment object at 0x7c12418b0bb0>, estimator=ada, fold=KFold(n_splits=10, random_state=None, shuffle=False), round=4, cross_validation=True, predict=True, fit_kwargs={}, groups=None, refit=False, probability_threshold=None, experiment_custom_tags=None, verbose=False, system=False, add_to_model_list=True, metrics=None, display=<pycaret.internal.display.display.CommonDisplay object at 0x7c124ab55c00>, model_only=True, return_train_score=False, kwargs={})
2023-09-14 16:09:35,662:INFO:Checking exceptions
2023-09-14 16:09:35,662:INFO:Importing libraries
2023-09-14 16:09:35,662:INFO:Copying training dataset
2023-09-14 16:09:35,695:INFO:Defining folds
2023-09-14 16:09:35,695:INFO:Declaring metric variables
2023-09-14 16:09:35,705:INFO:Importing untrained model
2023-09-14 16:09:35,715:INFO:AdaBoost Regressor Imported successfully
2023-09-14 16:09:35,733:INFO:Starting cross validation
2023-09-14 16:09:35,736:INFO:Cross validating with KFold(n_splits=10, random_state=None, shuffle=False), n_jobs=-1
2023-09-14 16:09:45,560:INFO:Calculating mean and std
2023-09-14 16:09:45,562:INFO:Creating metrics dataframe
2023-09-14 16:09:45,577:INFO:Uploading results into container
2023-09-14 16:09:45,581:INFO:Uploading model into container now
2023-09-14 16:09:45,582:INFO:_master_model_container: 15
2023-09-14 16:09:45,582:INFO:_display_container: 2
2023-09-14 16:09:45,582:INFO:AdaBoostRegressor(random_state=3577)
2023-09-14 16:09:45,582:INFO:create_model() successfully completed......................................
2023-09-14 16:09:45,796:INFO:SubProcess create_model() end ==================================
2023-09-14 16:09:45,796:INFO:Creating metrics dataframe
2023-09-14 16:09:45,825:INFO:Initializing Gradient Boosting Regressor
2023-09-14 16:09:45,825:INFO:Total runtime is 2.76986696322759 minutes
2023-09-14 16:09:45,834:INFO:SubProcess create_model() called ==================================
2023-09-14 16:09:45,834:INFO:Initializing create_model()
2023-09-14 16:09:45,834:INFO:create_model(self=<pycaret.regression.oop.RegressionExperiment object at 0x7c12418b0bb0>, estimator=gbr, fold=KFold(n_splits=10, random_state=None, shuffle=False), round=4, cross_validation=True, predict=True, fit_kwargs={}, groups=None, refit=False, probability_threshold=None, experiment_custom_tags=None, verbose=False, system=False, add_to_model_list=True, metrics=None, display=<pycaret.internal.display.display.CommonDisplay object at 0x7c124ab55c00>, model_only=True, return_train_score=False, kwargs={})
2023-09-14 16:09:45,834:INFO:Checking exceptions
2023-09-14 16:09:45,834:INFO:Importing libraries
2023-09-14 16:09:45,834:INFO:Copying training dataset
2023-09-14 16:09:45,860:INFO:Defining folds
2023-09-14 16:09:45,865:INFO:Declaring metric variables
2023-09-14 16:09:45,874:INFO:Importing untrained model
2023-09-14 16:09:45,884:INFO:Gradient Boosting Regressor Imported successfully
2023-09-14 16:09:45,901:INFO:Starting cross validation
2023-09-14 16:09:45,904:INFO:Cross validating with KFold(n_splits=10, random_state=None, shuffle=False), n_jobs=-1
2023-09-14 16:09:58,046:INFO:Calculating mean and std
2023-09-14 16:09:58,053:INFO:Creating metrics dataframe
2023-09-14 16:09:58,063:INFO:Uploading results into container
2023-09-14 16:09:58,064:INFO:Uploading model into container now
2023-09-14 16:09:58,065:INFO:_master_model_container: 16
2023-09-14 16:09:58,065:INFO:_display_container: 2
2023-09-14 16:09:58,065:INFO:GradientBoostingRegressor(random_state=3577)
2023-09-14 16:09:58,066:INFO:create_model() successfully completed......................................
2023-09-14 16:09:58,275:INFO:SubProcess create_model() end ==================================
2023-09-14 16:09:58,275:INFO:Creating metrics dataframe
2023-09-14 16:09:58,302:INFO:Initializing Extreme Gradient Boosting
2023-09-14 16:09:58,302:INFO:Total runtime is 2.9778121868769327 minutes
2023-09-14 16:09:58,309:INFO:SubProcess create_model() called ==================================
2023-09-14 16:09:58,310:INFO:Initializing create_model()
2023-09-14 16:09:58,310:INFO:create_model(self=<pycaret.regression.oop.RegressionExperiment object at 0x7c12418b0bb0>, estimator=xgboost, fold=KFold(n_splits=10, random_state=None, shuffle=False), round=4, cross_validation=True, predict=True, fit_kwargs={}, groups=None, refit=False, probability_threshold=None, experiment_custom_tags=None, verbose=False, system=False, add_to_model_list=True, metrics=None, display=<pycaret.internal.display.display.CommonDisplay object at 0x7c124ab55c00>, model_only=True, return_train_score=False, kwargs={})
2023-09-14 16:09:58,310:INFO:Checking exceptions
2023-09-14 16:09:58,310:INFO:Importing libraries
2023-09-14 16:09:58,310:INFO:Copying training dataset
2023-09-14 16:09:58,339:INFO:Defining folds
2023-09-14 16:09:58,339:INFO:Declaring metric variables
2023-09-14 16:09:58,351:INFO:Importing untrained model
2023-09-14 16:09:58,363:INFO:Extreme Gradient Boosting Imported successfully
2023-09-14 16:09:58,380:INFO:Starting cross validation
2023-09-14 16:09:58,382:INFO:Cross validating with KFold(n_splits=10, random_state=None, shuffle=False), n_jobs=-1
2023-09-14 16:10:29,181:INFO:Calculating mean and std
2023-09-14 16:10:29,183:INFO:Creating metrics dataframe
2023-09-14 16:10:29,195:INFO:Uploading results into container
2023-09-14 16:10:29,196:INFO:Uploading model into container now
2023-09-14 16:10:29,196:INFO:_master_model_container: 17
2023-09-14 16:10:29,196:INFO:_display_container: 2
2023-09-14 16:10:29,198:INFO:XGBRegressor(base_score=None, booster='gbtree', callbacks=None,
             colsample_bylevel=None, colsample_bynode=None,
             colsample_bytree=None, early_stopping_rounds=None,
             enable_categorical=False, eval_metric=None, feature_types=None,
             gamma=None, gpu_id=None, grow_policy=None, importance_type=None,
             interaction_constraints=None, learning_rate=None, max_bin=None,
             max_cat_threshold=None, max_cat_to_onehot=None,
             max_delta_step=None, max_depth=None, max_leaves=None,
             min_child_weight=None, missing=nan, monotone_constraints=None,
             n_estimators=100, n_jobs=-1, num_parallel_tree=None,
             predictor=None, random_state=3577, ...)
2023-09-14 16:10:29,198:INFO:create_model() successfully completed......................................
2023-09-14 16:10:29,408:INFO:SubProcess create_model() end ==================================
2023-09-14 16:10:29,408:INFO:Creating metrics dataframe
2023-09-14 16:10:29,434:INFO:Initializing Light Gradient Boosting Machine
2023-09-14 16:10:29,434:INFO:Total runtime is 3.496683120727539 minutes
2023-09-14 16:10:29,444:INFO:SubProcess create_model() called ==================================
2023-09-14 16:10:29,445:INFO:Initializing create_model()
2023-09-14 16:10:29,445:INFO:create_model(self=<pycaret.regression.oop.RegressionExperiment object at 0x7c12418b0bb0>, estimator=lightgbm, fold=KFold(n_splits=10, random_state=None, shuffle=False), round=4, cross_validation=True, predict=True, fit_kwargs={}, groups=None, refit=False, probability_threshold=None, experiment_custom_tags=None, verbose=False, system=False, add_to_model_list=True, metrics=None, display=<pycaret.internal.display.display.CommonDisplay object at 0x7c124ab55c00>, model_only=True, return_train_score=False, kwargs={})
2023-09-14 16:10:29,445:INFO:Checking exceptions
2023-09-14 16:10:29,445:INFO:Importing libraries
2023-09-14 16:10:29,445:INFO:Copying training dataset
2023-09-14 16:10:29,477:INFO:Defining folds
2023-09-14 16:10:29,477:INFO:Declaring metric variables
2023-09-14 16:10:29,495:INFO:Importing untrained model
2023-09-14 16:10:29,506:INFO:Light Gradient Boosting Machine Imported successfully
2023-09-14 16:10:29,527:INFO:Starting cross validation
2023-09-14 16:10:29,529:INFO:Cross validating with KFold(n_splits=10, random_state=None, shuffle=False), n_jobs=-1
2023-09-14 16:10:39,496:INFO:Calculating mean and std
2023-09-14 16:10:39,498:INFO:Creating metrics dataframe
2023-09-14 16:10:39,511:INFO:Uploading results into container
2023-09-14 16:10:39,512:INFO:Uploading model into container now
2023-09-14 16:10:39,513:INFO:_master_model_container: 18
2023-09-14 16:10:39,513:INFO:_display_container: 2
2023-09-14 16:10:39,513:INFO:LGBMRegressor(n_jobs=-1, random_state=3577)
2023-09-14 16:10:39,514:INFO:create_model() successfully completed......................................
2023-09-14 16:10:39,679:INFO:SubProcess create_model() end ==================================
2023-09-14 16:10:39,679:INFO:Creating metrics dataframe
2023-09-14 16:10:39,696:INFO:Initializing CatBoost Regressor
2023-09-14 16:10:39,696:INFO:Total runtime is 3.6677221337954204 minutes
2023-09-14 16:10:39,705:INFO:SubProcess create_model() called ==================================
2023-09-14 16:10:39,706:INFO:Initializing create_model()
2023-09-14 16:10:39,706:INFO:create_model(self=<pycaret.regression.oop.RegressionExperiment object at 0x7c12418b0bb0>, estimator=catboost, fold=KFold(n_splits=10, random_state=None, shuffle=False), round=4, cross_validation=True, predict=True, fit_kwargs={}, groups=None, refit=False, probability_threshold=None, experiment_custom_tags=None, verbose=False, system=False, add_to_model_list=True, metrics=None, display=<pycaret.internal.display.display.CommonDisplay object at 0x7c124ab55c00>, model_only=True, return_train_score=False, kwargs={})
2023-09-14 16:10:39,706:INFO:Checking exceptions
2023-09-14 16:10:39,706:INFO:Importing libraries
2023-09-14 16:10:39,706:INFO:Copying training dataset
2023-09-14 16:10:39,725:INFO:Defining folds
2023-09-14 16:10:39,725:INFO:Declaring metric variables
2023-09-14 16:10:39,735:INFO:Importing untrained model
2023-09-14 16:10:39,745:INFO:CatBoost Regressor Imported successfully
2023-09-14 16:10:39,761:INFO:Starting cross validation
2023-09-14 16:10:39,764:INFO:Cross validating with KFold(n_splits=10, random_state=None, shuffle=False), n_jobs=-1
2023-09-14 16:11:27,472:INFO:Calculating mean and std
2023-09-14 16:11:27,474:INFO:Creating metrics dataframe
2023-09-14 16:11:27,484:INFO:Uploading results into container
2023-09-14 16:11:27,485:INFO:Uploading model into container now
2023-09-14 16:11:27,485:INFO:_master_model_container: 19
2023-09-14 16:11:27,485:INFO:_display_container: 2
2023-09-14 16:11:27,485:INFO:<catboost.core.CatBoostRegressor object at 0x7c1248a89d80>
2023-09-14 16:11:27,485:INFO:create_model() successfully completed......................................
2023-09-14 16:11:27,648:INFO:SubProcess create_model() end ==================================
2023-09-14 16:11:27,648:INFO:Creating metrics dataframe
2023-09-14 16:11:27,667:INFO:Initializing Dummy Regressor
2023-09-14 16:11:27,667:INFO:Total runtime is 4.467231412728628 minutes
2023-09-14 16:11:27,673:INFO:SubProcess create_model() called ==================================
2023-09-14 16:11:27,674:INFO:Initializing create_model()
2023-09-14 16:11:27,674:INFO:create_model(self=<pycaret.regression.oop.RegressionExperiment object at 0x7c12418b0bb0>, estimator=dummy, fold=KFold(n_splits=10, random_state=None, shuffle=False), round=4, cross_validation=True, predict=True, fit_kwargs={}, groups=None, refit=False, probability_threshold=None, experiment_custom_tags=None, verbose=False, system=False, add_to_model_list=True, metrics=None, display=<pycaret.internal.display.display.CommonDisplay object at 0x7c124ab55c00>, model_only=True, return_train_score=False, kwargs={})
2023-09-14 16:11:27,674:INFO:Checking exceptions
2023-09-14 16:11:27,674:INFO:Importing libraries
2023-09-14 16:11:27,674:INFO:Copying training dataset
2023-09-14 16:11:27,694:INFO:Defining folds
2023-09-14 16:11:27,694:INFO:Declaring metric variables
2023-09-14 16:11:27,702:INFO:Importing untrained model
2023-09-14 16:11:27,710:INFO:Dummy Regressor Imported successfully
2023-09-14 16:11:27,723:INFO:Starting cross validation
2023-09-14 16:11:27,726:INFO:Cross validating with KFold(n_splits=10, random_state=None, shuffle=False), n_jobs=-1
2023-09-14 16:11:29,170:INFO:Calculating mean and std
2023-09-14 16:11:29,171:INFO:Creating metrics dataframe
2023-09-14 16:11:29,176:INFO:Uploading results into container
2023-09-14 16:11:29,177:INFO:Uploading model into container now
2023-09-14 16:11:29,177:INFO:_master_model_container: 20
2023-09-14 16:11:29,177:INFO:_display_container: 2
2023-09-14 16:11:29,178:INFO:DummyRegressor()
2023-09-14 16:11:29,178:INFO:create_model() successfully completed......................................
2023-09-14 16:11:29,351:INFO:SubProcess create_model() end ==================================
2023-09-14 16:11:29,352:INFO:Creating metrics dataframe
2023-09-14 16:11:29,391:INFO:Initializing create_model()
2023-09-14 16:11:29,391:INFO:create_model(self=<pycaret.regression.oop.RegressionExperiment object at 0x7c12418b0bb0>, estimator=<catboost.core.CatBoostRegressor object at 0x7c1248a89d80>, fold=KFold(n_splits=10, random_state=None, shuffle=False), round=4, cross_validation=False, predict=False, fit_kwargs={}, groups=None, refit=True, probability_threshold=None, experiment_custom_tags=None, verbose=False, system=False, add_to_model_list=True, metrics=None, display=None, model_only=True, return_train_score=False, kwargs={})
2023-09-14 16:11:29,391:INFO:Checking exceptions
2023-09-14 16:11:29,395:INFO:Importing libraries
2023-09-14 16:11:29,395:INFO:Copying training dataset
2023-09-14 16:11:29,416:INFO:Defining folds
2023-09-14 16:11:29,416:INFO:Declaring metric variables
2023-09-14 16:11:29,416:INFO:Importing untrained model
2023-09-14 16:11:29,416:INFO:Declaring custom model
2023-09-14 16:11:29,417:INFO:CatBoost Regressor Imported successfully
2023-09-14 16:11:29,418:INFO:Cross validation set to False
2023-09-14 16:11:29,418:INFO:Fitting Model
2023-09-14 16:11:32,271:INFO:<catboost.core.CatBoostRegressor object at 0x7c124af1fbe0>
2023-09-14 16:11:32,271:INFO:create_model() successfully completed......................................
2023-09-14 16:11:32,507:INFO:_master_model_container: 20
2023-09-14 16:11:32,507:INFO:_display_container: 2
2023-09-14 16:11:32,507:INFO:<catboost.core.CatBoostRegressor object at 0x7c124af1fbe0>
2023-09-14 16:11:32,508:INFO:compare_models() successfully completed......................................
2023-09-14 16:11:32,524:INFO:Initializing evaluate_model()
2023-09-14 16:11:32,524:INFO:evaluate_model(self=<pycaret.regression.oop.RegressionExperiment object at 0x7c12418b0bb0>, estimator=<catboost.core.CatBoostRegressor object at 0x7c124af1fbe0>, fold=None, fit_kwargs=None, plot_kwargs=None, feature_name=None, groups=None)
2023-09-14 16:11:32,558:INFO:Initializing plot_model()
2023-09-14 16:11:32,558:INFO:plot_model(plot=pipeline, fold=KFold(n_splits=10, random_state=None, shuffle=False), verbose=False, display=None, display_format=None, estimator=<catboost.core.CatBoostRegressor object at 0x7c124af1fbe0>, feature_name=None, fit_kwargs={}, groups=None, label=False, plot_kwargs=None, save=False, scale=1, self=<pycaret.regression.oop.RegressionExperiment object at 0x7c12418b0bb0>, system=True)
2023-09-14 16:11:32,558:INFO:Checking exceptions
2023-09-14 16:11:32,567:INFO:Preloading libraries
2023-09-14 16:11:32,570:INFO:Copying training dataset
2023-09-14 16:11:32,571:INFO:Plot type: pipeline
2023-09-14 16:11:32,751:INFO:Visual Rendered Successfully
2023-09-14 16:11:32,940:INFO:plot_model() successfully completed......................................
2023-09-14 16:11:32,964:INFO:Initializing save_model()
2023-09-14 16:11:32,964:INFO:save_model(model=<catboost.core.CatBoostRegressor object at 0x7c124af1fbe0>, model_name=modelo, prep_pipe_=Pipeline(memory=FastMemory(location=/tmp/joblib),
         steps=[('numerical_imputer',
                 TransformerWrapper(include=['km', 'bicicleta', 'onibus',
                                             'outros', 'BA', 'CW', 'DF', 'ES',
                                             'GO', 'MG', 'MS', 'MT', 'PA', 'PR',
                                             'RJ', 'RS', 'SC', 'SP', 'mes',
                                             'dia'],
                                    transformer=SimpleImputer())),
                ('categorical_imputer',
                 TransformerWrapper(include=['caminhao', 'moto', 'utilitarios'],
                                    transformer=SimpleImputer(strategy='most_frequent'))),
                ('onehot_encoding',
                 TransformerWrapper(include=['caminhao', 'moto', 'utilitarios'],
                                    transformer=OneHotEncoder(cols=['caminhao',
                                                                    'moto',
                                                                    'utilitarios'],
                                                              handle_missing='return_nan',
                                                              use_cat_names=True)))]), verbose=True, use_case=MLUsecase.REGRESSION, kwargs={})
2023-09-14 16:11:32,964:INFO:Adding model into prep_pipe
2023-09-14 16:11:32,975:INFO:modelo.pkl saved in current working directory
2023-09-14 16:11:32,983:INFO:Pipeline(memory=Memory(location=None),
         steps=[('numerical_imputer',
                 TransformerWrapper(include=['km', 'bicicleta', 'onibus',
                                             'outros', 'BA', 'CW', 'DF', 'ES',
                                             'GO', 'MG', 'MS', 'MT', 'PA', 'PR',
                                             'RJ', 'RS', 'SC', 'SP', 'mes',
                                             'dia'],
                                    transformer=SimpleImputer())),
                ('categorical_imputer',
                 TransformerWrapper(include=['caminhao', 'moto', 'utilitarios'],
                                    transformer=SimpleImputer(strategy='most_frequent'))),
                ('onehot_encoding',
                 TransformerWrapper(include=['caminhao', 'moto', 'utilitarios'],
                                    transformer=OneHotEncoder(cols=['caminhao',
                                                                    'moto',
                                                                    'utilitarios'],
                                                              handle_missing='return_nan',
                                                              use_cat_names=True))),
                ('trained_model',
                 <catboost.core.CatBoostRegressor object at 0x7c124af1fbe0>)])
2023-09-14 16:11:32,983:INFO:save_model() successfully completed......................................
2023-09-14 16:11:33,175:INFO:Soft dependency imported: fastapi: 0.103.1
2023-09-14 16:11:33,175:INFO:Soft dependency imported: uvicorn: 0.23.2
2023-09-14 16:11:33,176:INFO:Soft dependency imported: pydantic: 1.10.12
2023-09-14 16:11:33,194:INFO:Initializing save_model()
2023-09-14 16:11:33,194:INFO:save_model(model=<catboost.core.CatBoostRegressor object at 0x7c124af1fbe0>, model_name=minha_api, prep_pipe_=Pipeline(memory=FastMemory(location=/tmp/joblib),
         steps=[('numerical_imputer',
                 TransformerWrapper(include=['km', 'bicicleta', 'onibus',
                                             'outros', 'BA', 'CW', 'DF', 'ES',
                                             'GO', 'MG', 'MS', 'MT', 'PA', 'PR',
                                             'RJ', 'RS', 'SC', 'SP', 'mes',
                                             'dia'],
                                    transformer=SimpleImputer())),
                ('categorical_imputer',
                 TransformerWrapper(include=['caminhao', 'moto', 'utilitarios'],
                                    transformer=SimpleImputer(strategy='most_frequent'))),
                ('onehot_encoding',
                 TransformerWrapper(include=['caminhao', 'moto', 'utilitarios'],
                                    transformer=OneHotEncoder(cols=['caminhao',
                                                                    'moto',
                                                                    'utilitarios'],
                                                              handle_missing='return_nan',
                                                              use_cat_names=True)))]), verbose=False, use_case=MLUsecase.REGRESSION, kwargs={})
2023-09-14 16:11:33,194:INFO:Adding model into prep_pipe
2023-09-14 16:11:33,204:INFO:minha_api.pkl saved in current working directory
2023-09-14 16:11:33,212:INFO:Pipeline(memory=Memory(location=None),
         steps=[('numerical_imputer',
                 TransformerWrapper(include=['km', 'bicicleta', 'onibus',
                                             'outros', 'BA', 'CW', 'DF', 'ES',
                                             'GO', 'MG', 'MS', 'MT', 'PA', 'PR',
                                             'RJ', 'RS', 'SC', 'SP', 'mes',
                                             'dia'],
                                    transformer=SimpleImputer())),
                ('categorical_imputer',
                 TransformerWrapper(include=['caminhao', 'moto', 'utilitarios'],
                                    transformer=SimpleImputer(strategy='most_frequent'))),
                ('onehot_encoding',
                 TransformerWrapper(include=['caminhao', 'moto', 'utilitarios'],
                                    transformer=OneHotEncoder(cols=['caminhao',
                                                                    'moto',
                                                                    'utilitarios'],
                                                              handle_missing='return_nan',
                                                              use_cat_names=True))),
                ('trained_model',
                 <catboost.core.CatBoostRegressor object at 0x7c124af1fbe0>)])
2023-09-14 16:11:33,212:INFO:save_model() successfully completed......................................
